<?xml version="1.0" encoding="UTF-8"?>
<testng-results ignored="0" total="1" passed="1" failed="0" skipped="0">
  <reporter-output>
  </reporter-output>
  <suite started-at="2021-06-08T21:22:26 CEST" name="Default suite" finished-at="2021-06-08T21:22:34 CEST" duration-ms="8515">
    <groups>
    </groups>
    <test started-at="2021-06-08T21:22:26 CEST" name="Default test" finished-at="2021-06-08T21:22:34 CEST" duration-ms="8515">
      <class name="tests.Proba">
        <test-method signature="test()[pri:0, instance:tests.Proba@29647f75]" started-at="2021-06-08T21:22:26 CEST" name="test" finished-at="2021-06-08T21:22:34 CEST" duration-ms="8416" status="PASS">
          <reporter-output>
          </reporter-output>
        </test-method> <!-- test -->
      </class> <!-- tests.Proba -->
    </test> <!-- Default test -->
  </suite> <!-- Default suite -->
</testng-results>
